<?xml version="1.0" encoding="UTF-8"?>
<coverage generated="1769627846988" clover="3.2.0">
  <project timestamp="1769627846988" name="All files">
    <metrics statements="4" coveredstatements="4" conditionals="0" coveredconditionals="0" methods="4" coveredmethods="4" elements="8" coveredelements="8" complexity="0" loc="4" ncloc="4" packages="1" files="3" classes="3"/>
    <file name="About.tsx" path="/Users/moacirpetry/AWS/studio/src/components/About.tsx">
      <metrics statements="2" coveredstatements="2" conditionals="0" coveredconditionals="0" methods="2" coveredmethods="2"/>
      <line num="2" count="6" type="stmt"/>
      <line num="82" count="18" type="stmt"/>
    </file>
    <file name="Contact.tsx" path="/Users/moacirpetry/AWS/studio/src/components/Contact.tsx">
      <metrics statements="1" coveredstatements="1" conditionals="0" coveredconditionals="0" methods="1" coveredmethods="1"/>
      <line num="2" count="6" type="stmt"/>
    </file>
    <file name="Homepage.tsx" path="/Users/moacirpetry/AWS/studio/src/components/Homepage.tsx">
      <metrics statements="1" coveredstatements="1" conditionals="0" coveredconditionals="0" methods="1" coveredmethods="1"/>
      <line num="2" count="4" type="stmt"/>
    </file>
  </project>
</coverage>
