{"/Users/moacirpetry/AWS/studio/src/components/About.tsx": {"path":"/Users/moacirpetry/AWS/studio/src/components/About.tsx","statementMap":{"0":{"start":{"line":2,"column":2},"end":{"line":95,"column":null}},"1":{"start":{"line":82,"column":12},"end":{"line":91,"column":null}}},"fnMap":{"0":{"name":"About","decl":{"start":{"line":1,"column":9},"end":{"line":1,"column":17}},"loc":{"start":{"line":1,"column":17},"end":{"line":97,"column":null}},"line":1},"1":{"name":"(anonymous_1)","decl":{"start":{"line":81,"column":16},"end":{"line":81,"column":17}},"loc":{"start":{"line":82,"column":12},"end":{"line":91,"column":null}},"line":82}},"branchMap":{},"s":{"0":6,"1":18},"f":{"0":6,"1":18},"b":{},"meta":{"lastBranch":0,"lastFunction":2,"lastStatement":2,"seen":{"f:1:9:1:17":0,"s:2:2:95:Infinity":0,"f:81:16:81:17":1,"s:82:12:91:Infinity":1}}}
,"/Users/moacirpetry/AWS/studio/src/components/Contact.tsx": {"path":"/Users/moacirpetry/AWS/studio/src/components/Contact.tsx","statementMap":{"0":{"start":{"line":2,"column":2},"end":{"line":135,"column":null}}},"fnMap":{"0":{"name":"Contact","decl":{"start":{"line":1,"column":9},"end":{"line":1,"column":19}},"loc":{"start":{"line":1,"column":19},"end":{"line":137,"column":null}},"line":1}},"branchMap":{},"s":{"0":6},"f":{"0":6},"b":{},"meta":{"lastBranch":0,"lastFunction":1,"lastStatement":1,"seen":{"f:1:9:1:19":0,"s:2:2:135:Infinity":0}}}
,"/Users/moacirpetry/AWS/studio/src/components/Homepage.tsx": {"path":"/Users/moacirpetry/AWS/studio/src/components/Homepage.tsx","statementMap":{"0":{"start":{"line":2,"column":2},"end":{"line":76,"column":null}}},"fnMap":{"0":{"name":"Homepage","decl":{"start":{"line":1,"column":9},"end":{"line":1,"column":20}},"loc":{"start":{"line":1,"column":20},"end":{"line":78,"column":null}},"line":1}},"branchMap":{},"s":{"0":4},"f":{"0":4},"b":{},"meta":{"lastBranch":0,"lastFunction":1,"lastStatement":1,"seen":{"f:1:9:1:20":0,"s:2:2:76:Infinity":0}}}
}
